  p.100.c
C:\Users\Mirim\source\repos\Project1\Project1\p.100.c(15,2): warning C4098: 'main': 'void' 함수에서 값을 반환하고 있습니다.
  p.1236.c
  p.18.c
  p.200.c
  p.2125.c
C:\Users\Mirim\source\repos\Project1\Project1\p.2125.c(9,9): warning C4477: 'printf' : 서식 문자열 '%d'에 'int' 형식의 인수가 필요하지만 variadic 인수 1의 형식이 'int **'입니다.
C:\Users\Mirim\source\repos\Project1\Project1\p.2125.c(11,9): warning C4477: 'printf' : 서식 문자열 '%d'에 'int' 형식의 인수가 필요하지만 variadic 인수 1의 형식이 'int **'입니다.
  p.35.c
  p.38.c
C:\Users\Mirim\source\repos\Project1\Project1\p.38.c(9,7): warning C4101: 's3' :참조되지 않은 지역 변수입니다.
  p.39.c
  p.41.c
C:\Users\Mirim\source\repos\Project1\Project1\p.41.c(6,17): warning C4047: '초기화 중': 'int *'의 간접 참조 수준이 'int'과(와) 다릅니다.
  p.55.c
C:\Users\Mirim\source\repos\Project1\Project1\p.55.c(19,2): warning C4098: 'main': 'void' 함수에서 값을 반환하고 있습니다.
  p.95.c
  p27.c
  코드를 생성하고 있습니다...
C:\Users\Mirim\source\repos\Project1\Project1\p.55.c(10): warning C4172: 지역 변수 또는 임시: sum의 주소를 반환하고 있습니다.
p.1236.obj : error LNK2005: _main이(가) p.100.obj에 이미 정의되어 있습니다.
p.18.obj : error LNK2005: _main이(가) p.100.obj에 이미 정의되어 있습니다.
p.200.obj : error LNK2005: _main이(가) p.100.obj에 이미 정의되어 있습니다.
p.2125.obj : error LNK2005: _main이(가) p.100.obj에 이미 정의되어 있습니다.
p.35.obj : error LNK2005: _main이(가) p.100.obj에 이미 정의되어 있습니다.
p.38.obj : error LNK2005: _main이(가) p.100.obj에 이미 정의되어 있습니다.
p.39.obj : error LNK2005: _main이(가) p.100.obj에 이미 정의되어 있습니다.
p.41.obj : error LNK2005: _main이(가) p.100.obj에 이미 정의되어 있습니다.
p.55.obj : error LNK2005: _main이(가) p.100.obj에 이미 정의되어 있습니다.
p.95.obj : error LNK2005: _main이(가) p.100.obj에 이미 정의되어 있습니다.
p27.obj : error LNK2005: _main이(가) p.100.obj에 이미 정의되어 있습니다.
C:\Users\Mirim\source\repos\Project1\Debug\Project1.exe : fatal error LNK1169: 여러 번 정의된 기호가 있습니다.
